2016-05-18 00:49:01,180 [Thread-7:35128] [django.request:170] [base:get_response] [WARNING]- Not Found: /js/nav.js
2016-05-18 00:49:01,196 [Thread-10:36836] [django.request:170] [base:get_response] [WARNING]- Not Found: /images/a1.jpg
2016-05-18 00:49:01,196 [Thread-9:33600] [django.request:170] [base:get_response] [WARNING]- Not Found: /images/a2.jpg
2016-05-18 00:49:01,197 [Thread-8:4560] [django.request:170] [base:get_response] [WARNING]- Not Found: /images/a3.jpg
2016-05-18 00:49:01,209 [Thread-11:27028] [django.request:170] [base:get_response] [WARNING]- Not Found: /images/a4.jpg
2016-05-18 00:49:01,278 [Thread-12:35936] [django.request:170] [base:get_response] [WARNING]- Not Found: /js/nav.js
2016-05-18 00:49:01,302 [Thread-13:29776] [django.request:170] [base:get_response] [WARNING]- Not Found: /images/a1.jpg
2016-05-18 00:49:01,313 [Thread-14:7244] [django.request:170] [base:get_response] [WARNING]- Not Found: /images/a2.jpg
2016-05-18 00:49:01,318 [Thread-15:34864] [django.request:170] [base:get_response] [WARNING]- Not Found: /images/a4.jpg
2016-05-18 00:49:01,319 [Thread-16:35540] [django.request:170] [base:get_response] [WARNING]- Not Found: /images/a3.jpg
2016-05-18 11:18:36,992 [Thread-3:38068] [django.request:170] [base:get_response] [WARNING]- Not Found: /images/a1.jpg
2016-05-18 11:18:36,993 [Thread-4:33556] [django.request:170] [base:get_response] [WARNING]- Not Found: /images/a2.jpg
2016-05-18 11:18:37,000 [Thread-5:38120] [django.request:170] [base:get_response] [WARNING]- Not Found: /images/a3.jpg
2016-05-18 11:18:37,000 [Thread-6:37328] [django.request:170] [base:get_response] [WARNING]- Not Found: /images/a4.jpg
2016-05-18 11:18:37,118 [Thread-7:5828] [django.request:170] [base:get_response] [WARNING]- Not Found: /js/nav.js
2016-05-18 11:18:37,140 [Thread-8:37432] [django.request:170] [base:get_response] [WARNING]- Not Found: /images/a1.jpg
2016-05-18 11:18:37,140 [Thread-9:37192] [django.request:170] [base:get_response] [WARNING]- Not Found: /images/a3.jpg
2016-05-18 11:18:37,142 [Thread-10:7860] [django.request:170] [base:get_response] [WARNING]- Not Found: /images/a2.jpg
2016-05-18 11:18:37,144 [Thread-11:38832] [django.request:170] [base:get_response] [WARNING]- Not Found: /images/a4.jpg
2016-05-18 11:18:37,359 [Thread-13:4816] [django.request:170] [base:get_response] [WARNING]- Not Found: /favicon.ico
2016-05-18 11:18:37,361 [Thread-12:37924] [django.request:170] [base:get_response] [WARNING]- Not Found: /favicon.ico
2016-05-18 11:19:36,785 [Thread-21:37304] [django.request:170] [base:get_response] [WARNING]- Not Found: /js/nav.js
2016-05-18 11:19:36,792 [Thread-22:37740] [django.request:170] [base:get_response] [WARNING]- Not Found: /images/a1.jpg
2016-05-18 11:19:36,798 [Thread-23:31504] [django.request:170] [base:get_response] [WARNING]- Not Found: /images/a2.jpg
2016-05-18 11:19:36,801 [Thread-24:2812] [django.request:170] [base:get_response] [WARNING]- Not Found: /images/a4.jpg
2016-05-18 11:19:36,802 [Thread-25:38328] [django.request:170] [base:get_response] [WARNING]- Not Found: /images/a3.jpg
2016-05-18 11:24:32,092 [Thread-48:38024] [django.request:170] [base:get_response] [WARNING]- Not Found: /js/nav.js
2016-05-18 11:24:32,092 [Thread-47:34016] [django.request:170] [base:get_response] [WARNING]- Not Found: /images/a1.jpg
2016-05-18 11:24:32,092 [Thread-46:37856] [django.request:170] [base:get_response] [WARNING]- Not Found: /images/a2.jpg
2016-05-18 11:24:32,107 [Thread-50:38176] [django.request:170] [base:get_response] [WARNING]- Not Found: /images/a4.jpg
2016-05-18 11:24:32,108 [Thread-51:6192] [django.request:170] [base:get_response] [WARNING]- Not Found: /images/a3.jpg
2016-05-18 11:24:34,283 [Thread-69:38388] [django.request:170] [base:get_response] [WARNING]- Not Found: /js/nav.js
2016-05-18 11:24:34,286 [Thread-70:36332] [django.request:170] [base:get_response] [WARNING]- Not Found: /images/a1.jpg
2016-05-18 11:24:34,299 [Thread-71:37276] [django.request:170] [base:get_response] [WARNING]- Not Found: /images/a2.jpg
2016-05-18 11:24:34,301 [Thread-72:38568] [django.request:170] [base:get_response] [WARNING]- Not Found: /images/a3.jpg
2016-05-18 11:24:34,306 [Thread-73:37720] [django.request:170] [base:get_response] [WARNING]- Not Found: /images/a4.jpg
2016-05-18 23:29:17,594 [Thread-91:48504] [django.request:170] [base:get_response] [WARNING]- Not Found: /images/a2.jpg
2016-05-18 23:29:17,615 [Thread-92:47028] [django.request:170] [base:get_response] [WARNING]- Not Found: /images/a3.jpg
2016-05-18 23:29:17,618 [Thread-93:46520] [django.request:170] [base:get_response] [WARNING]- Not Found: /images/a4.jpg
2016-05-18 23:29:17,624 [Thread-94:47640] [django.request:170] [base:get_response] [WARNING]- Not Found: /images/a1.jpg
2016-05-18 23:29:17,668 [Thread-98:47000] [django.request:170] [base:get_response] [WARNING]- Not Found: /js/nav.js
2016-05-18 23:29:17,720 [Thread-99:47040] [django.request:170] [base:get_response] [WARNING]- Not Found: /images/a1.jpg
2016-05-18 23:29:17,733 [Thread-100:36920] [django.request:170] [base:get_response] [WARNING]- Not Found: /images/a2.jpg
2016-05-18 23:29:17,736 [Thread-101:46480] [django.request:170] [base:get_response] [WARNING]- Not Found: /images/a3.jpg
2016-05-18 23:29:17,737 [Thread-102:48044] [django.request:170] [base:get_response] [WARNING]- Not Found: /images/a4.jpg
2016-05-18 23:29:43,398 [Thread-120:48700] [django.request:170] [base:get_response] [WARNING]- Not Found: /js/nav.js
2016-05-18 23:29:43,421 [Thread-121:48248] [django.request:170] [base:get_response] [WARNING]- Not Found: /images/a1.jpg
2016-05-18 23:29:43,424 [Thread-122:48056] [django.request:170] [base:get_response] [WARNING]- Not Found: /images/a2.jpg
2016-05-18 23:29:43,426 [Thread-123:33912] [django.request:170] [base:get_response] [WARNING]- Not Found: /images/a3.jpg
2016-05-18 23:29:43,427 [Thread-124:29776] [django.request:170] [base:get_response] [WARNING]- Not Found: /images/a4.jpg
2016-05-18 23:32:08,430 [Thread-140:48268] [django.request:170] [base:get_response] [WARNING]- Not Found: /js/nav.js
2016-05-18 23:32:08,473 [Thread-144:45156] [django.request:170] [base:get_response] [WARNING]- Not Found: /images/a2.jpg
2016-05-18 23:32:08,479 [Thread-145:48860] [django.request:170] [base:get_response] [WARNING]- Not Found: /images/a3.jpg
2016-05-18 23:32:08,482 [Thread-147:30560] [django.request:170] [base:get_response] [WARNING]- Not Found: /images/a4.jpg
2016-05-18 23:32:08,494 [Thread-146:48792] [django.request:170] [base:get_response] [WARNING]- Not Found: /images/a1.jpg
2016-05-18 23:32:11,059 [Thread-167:34116] [django.request:170] [base:get_response] [WARNING]- Not Found: /js/nav.js
2016-05-18 23:32:11,069 [Thread-166:33988] [django.request:170] [base:get_response] [WARNING]- Not Found: /images/a1.jpg
2016-05-18 23:32:11,079 [Thread-168:48288] [django.request:170] [base:get_response] [WARNING]- Not Found: /images/a2.jpg
2016-05-18 23:32:11,092 [Thread-170:47108] [django.request:170] [base:get_response] [WARNING]- Not Found: /images/a3.jpg
2016-05-18 23:32:11,092 [Thread-171:46972] [django.request:170] [base:get_response] [WARNING]- Not Found: /images/a4.jpg
2016-05-18 23:34:08,576 [Thread-190:47108] [django.request:170] [base:get_response] [WARNING]- Not Found: /js/nav.js
2016-05-18 23:34:08,582 [Thread-191:46972] [django.request:170] [base:get_response] [WARNING]- Not Found: /images/a1.jpg
2016-05-18 23:34:08,604 [Thread-192:35104] [django.request:170] [base:get_response] [WARNING]- Not Found: /images/a3.jpg
2016-05-18 23:34:08,605 [Thread-193:588] [django.request:170] [base:get_response] [WARNING]- Not Found: /images/a4.jpg
2016-05-18 23:34:08,607 [Thread-194:46872] [django.request:170] [base:get_response] [WARNING]- Not Found: /images/a2.jpg
2016-05-18 23:34:08,638 [Thread-195:46652] [django.request:170] [base:get_response] [WARNING]- Not Found: /images/a1.jpg
2016-05-18 23:34:10,510 [Thread-214:47752] [django.request:170] [base:get_response] [WARNING]- Not Found: /js/nav.js
2016-05-18 23:34:10,512 [Thread-215:48736] [django.request:170] [base:get_response] [WARNING]- Not Found: /images/a1.jpg
2016-05-18 23:34:10,519 [Thread-216:31380] [django.request:170] [base:get_response] [WARNING]- Not Found: /images/a3.jpg
2016-05-18 23:34:10,520 [Thread-217:48664] [django.request:170] [base:get_response] [WARNING]- Not Found: /images/a2.jpg
2016-05-18 23:34:10,523 [Thread-218:48284] [django.request:170] [base:get_response] [WARNING]- Not Found: /images/a4.jpg
2016-05-18 23:35:23,947 [Thread-3:47952] [django.request:170] [base:get_response] [WARNING]- Not Found: /static/css/base.css
2016-05-18 23:35:23,963 [Thread-7:37012] [django.request:170] [base:get_response] [WARNING]- Not Found: /js/nav.js
2016-05-18 23:35:24,760 [Thread-8:6508] [django.request:170] [base:get_response] [WARNING]- Not Found: /images/a1.jpg
2016-05-18 23:35:24,772 [Thread-9:48480] [django.request:170] [base:get_response] [WARNING]- Not Found: /images/a2.jpg
2016-05-18 23:35:24,773 [Thread-10:47632] [django.request:170] [base:get_response] [WARNING]- Not Found: /images/a3.jpg
2016-05-18 23:35:24,775 [Thread-11:47128] [django.request:170] [base:get_response] [WARNING]- Not Found: /images/a4.jpg
2016-05-18 23:35:24,802 [Thread-12:45824] [django.request:170] [base:get_response] [WARNING]- Not Found: /js/nav.js
2016-05-18 23:35:24,825 [Thread-13:48816] [django.request:170] [base:get_response] [WARNING]- Not Found: /images/a1.jpg
2016-05-18 23:35:24,835 [Thread-14:47436] [django.request:170] [base:get_response] [WARNING]- Not Found: /images/a3.jpg
2016-05-18 23:35:24,836 [Thread-15:36268] [django.request:170] [base:get_response] [WARNING]- Not Found: /images/a2.jpg
2016-05-18 23:35:24,841 [Thread-16:38968] [django.request:170] [base:get_response] [WARNING]- Not Found: /images/a4.jpg
2016-05-18 23:36:00,282 [Thread-34:2668] [django.request:170] [base:get_response] [WARNING]- Not Found: /js/nav.js
2016-05-18 23:36:00,332 [Thread-35:47032] [django.request:170] [base:get_response] [WARNING]- Not Found: /images/a1.jpg
2016-05-18 23:36:00,345 [Thread-36:48216] [django.request:170] [base:get_response] [WARNING]- Not Found: /images/a3.jpg
2016-05-18 23:36:00,346 [Thread-37:48832] [django.request:170] [base:get_response] [WARNING]- Not Found: /images/a4.jpg
2016-05-18 23:36:00,348 [Thread-38:46172] [django.request:170] [base:get_response] [WARNING]- Not Found: /images/a2.jpg
2016-05-18 23:36:00,375 [Thread-39:48628] [django.request:170] [base:get_response] [WARNING]- Not Found: /js/nav.js
2016-05-18 23:36:00,404 [Thread-40:45516] [django.request:170] [base:get_response] [WARNING]- Not Found: /images/a1.jpg
2016-05-18 23:36:00,410 [Thread-41:47560] [django.request:170] [base:get_response] [WARNING]- Not Found: /images/a2.jpg
2016-05-18 23:36:00,411 [Thread-42:47648] [django.request:170] [base:get_response] [WARNING]- Not Found: /images/a3.jpg
2016-05-18 23:36:00,413 [Thread-43:48848] [django.request:170] [base:get_response] [WARNING]- Not Found: /images/a4.jpg
2016-05-18 23:36:57,987 [Thread-5:46792] [django.request:170] [base:get_response] [WARNING]- Not Found: /js/nav.js
2016-05-18 23:36:58,025 [Thread-4:47912] [django.request:170] [base:get_response] [WARNING]- Not Found: /images/a1.jpg
2016-05-18 23:36:58,046 [Thread-9:48536] [django.request:170] [base:get_response] [WARNING]- Not Found: /images/a2.jpg
2016-05-18 23:36:58,048 [Thread-10:47224] [django.request:170] [base:get_response] [WARNING]- Not Found: /images/a3.jpg
2016-05-18 23:36:58,051 [Thread-12:46576] [django.request:170] [base:get_response] [WARNING]- Not Found: /images/a4.jpg
2016-05-18 23:36:58,072 [Thread-13:48592] [django.request:170] [base:get_response] [WARNING]- Not Found: /js/nav.js
2016-05-18 23:36:58,104 [Thread-14:47464] [django.request:170] [base:get_response] [WARNING]- Not Found: /images/a1.jpg
2016-05-18 23:36:58,111 [Thread-15:46456] [django.request:170] [base:get_response] [WARNING]- Not Found: /images/a3.jpg
2016-05-18 23:36:58,111 [Thread-16:47612] [django.request:170] [base:get_response] [WARNING]- Not Found: /images/a2.jpg
2016-05-18 23:36:58,118 [Thread-19:48204] [django.request:170] [base:get_response] [WARNING]- Not Found: /images/a4.jpg
2016-05-18 23:38:32,665 [Thread-26:47040] [django.request:170] [base:get_response] [WARNING]- Not Found: /js/nav.js
2016-05-18 23:38:33,835 [Thread-25:47844] [django.request:170] [base:get_response] [WARNING]- Not Found: /images/a1.jpg
2016-05-18 23:38:33,855 [Thread-27:47196] [django.request:170] [base:get_response] [WARNING]- Not Found: /images/a3.jpg
2016-05-18 23:38:33,859 [Thread-28:46548] [django.request:170] [base:get_response] [WARNING]- Not Found: /images/a4.jpg
2016-05-18 23:38:33,862 [Thread-29:48468] [django.request:170] [base:get_response] [WARNING]- Not Found: /images/a2.jpg
2016-05-18 23:38:33,907 [Thread-30:48288] [django.request:170] [base:get_response] [WARNING]- Not Found: /js/nav.js
2016-05-18 23:38:33,921 [Thread-31:47144] [django.request:170] [base:get_response] [WARNING]- Not Found: /images/a1.jpg
2016-05-18 23:38:33,937 [Thread-32:46784] [django.request:170] [base:get_response] [WARNING]- Not Found: /images/a2.jpg
2016-05-18 23:38:33,947 [Thread-33:48732] [django.request:170] [base:get_response] [WARNING]- Not Found: /images/a3.jpg
2016-05-18 23:38:33,954 [Thread-34:47080] [django.request:170] [base:get_response] [WARNING]- Not Found: /images/a4.jpg
2016-05-18 23:44:02,134 [Thread-7:46464] [django.request:170] [base:get_response] [WARNING]- Not Found: /css/base.css
2016-05-18 23:44:02,137 [Thread-6:47632] [django.request:170] [base:get_response] [WARNING]- Not Found: /js/nav.js
2016-05-18 23:44:02,161 [Thread-8:48428] [django.request:170] [base:get_response] [WARNING]- Not Found: /images/a1.jpg
2016-05-18 23:44:02,173 [Thread-9:47152] [django.request:170] [base:get_response] [WARNING]- Not Found: /images/a3.jpg
2016-05-18 23:44:02,177 [Thread-10:37716] [django.request:170] [base:get_response] [WARNING]- Not Found: /images/a2.jpg
2016-05-18 23:44:02,177 [Thread-11:45468] [django.request:170] [base:get_response] [WARNING]- Not Found: /images/a4.jpg
2016-05-18 23:44:02,203 [Thread-12:46268] [django.request:170] [base:get_response] [WARNING]- Not Found: /js/nav.js
2016-05-18 23:44:02,226 [Thread-13:47512] [django.request:170] [base:get_response] [WARNING]- Not Found: /images/a1.jpg
2016-05-18 23:44:02,230 [Thread-14:38204] [django.request:170] [base:get_response] [WARNING]- Not Found: /images/a2.jpg
2016-05-18 23:44:02,233 [Thread-15:48660] [django.request:170] [base:get_response] [WARNING]- Not Found: /images/a3.jpg
2016-05-18 23:44:02,234 [Thread-16:48372] [django.request:170] [base:get_response] [WARNING]- Not Found: /images/a4.jpg
2016-05-18 23:46:41,187 [Thread-2:48724] [django.request:256] [base:handle_uncaught_exception] [ERROR]- Internal Server Error: /
Traceback (most recent call last):
  File "F:\workspace\blog_project_venv\lib\site-packages\django\core\handlers\base.py", line 119, in get_response
    resolver_match = resolver.resolve(request.path_info)
  File "F:\workspace\blog_project_venv\lib\site-packages\django\core\urlresolvers.py", line 366, in resolve
    for pattern in self.url_patterns:
  File "F:\workspace\blog_project_venv\lib\site-packages\django\core\urlresolvers.py", line 402, in url_patterns
    patterns = getattr(self.urlconf_module, "urlpatterns", self.urlconf_module)
  File "F:\workspace\blog_project_venv\lib\site-packages\django\core\urlresolvers.py", line 396, in urlconf_module
    self._urlconf_module = import_module(self.urlconf_name)
  File "C:\Python27\Lib\importlib\__init__.py", line 37, in import_module
    __import__(name)
  File "F:\workspace\blogproject\blogproject\urls.py", line 18, in <module>
    from blog.views import index
  File "F:\workspace\blogproject\blog\views.py", line 11
    'STATIC_URL':settings.STATIC_URL
               ^
SyntaxError: invalid syntax
2016-05-18 23:47:08,091 [Thread-7:47168] [django.request:170] [base:get_response] [WARNING]- Not Found: /js/nav.js
2016-05-18 23:47:08,109 [Thread-6:46652] [django.request:170] [base:get_response] [WARNING]- Not Found: /images/a1.jpg
2016-05-18 23:47:08,125 [Thread-10:39796] [django.request:170] [base:get_response] [WARNING]- Not Found: /images/a3.jpg
2016-05-18 23:47:08,134 [Thread-12:48688] [django.request:170] [base:get_response] [WARNING]- Not Found: /images/a2.jpg
2016-05-18 23:47:08,165 [Thread-11:46792] [django.request:170] [base:get_response] [WARNING]- Not Found: /images/a4.jpg
2016-05-18 23:48:08,351 [Thread-28:34116] [django.request:170] [base:get_response] [WARNING]- Not Found: /js/nav.js
2016-05-18 23:48:08,697 [Thread-30:45884] [django.request:170] [base:get_response] [WARNING]- Not Found: /images/a1.jpg
2016-05-18 23:48:08,697 [Thread-31:46268] [django.request:170] [base:get_response] [WARNING]- Not Found: /images/a2.jpg
2016-05-18 23:48:08,720 [Thread-32:48132] [django.request:170] [base:get_response] [WARNING]- Not Found: /images/a4.jpg
2016-05-18 23:48:08,733 [Thread-33:37012] [django.request:170] [base:get_response] [WARNING]- Not Found: /images/a3.jpg
2016-05-18 23:48:08,752 [Thread-34:47512] [django.request:170] [base:get_response] [WARNING]- Not Found: /js/nav.js
2016-05-18 23:48:08,770 [Thread-35:45224] [django.request:170] [base:get_response] [WARNING]- Not Found: /images/a3.jpg
2016-05-18 23:48:08,782 [Thread-36:47632] [django.request:170] [base:get_response] [WARNING]- Not Found: /images/a1.jpg
2016-05-18 23:48:08,785 [Thread-37:45252] [django.request:170] [base:get_response] [WARNING]- Not Found: /images/a2.jpg
2016-05-18 23:48:08,790 [Thread-38:46908] [django.request:170] [base:get_response] [WARNING]- Not Found: /images/a4.jpg
2016-05-19 11:32:50,864 [Thread-4:51292] [django.request:170] [base:get_response] [WARNING]- Not Found: /js/nav.js
2016-05-19 11:32:51,822 [Thread-8:38536] [django.request:170] [base:get_response] [WARNING]- Not Found: /images/a1.jpg
2016-05-19 11:32:51,828 [Thread-10:53104] [django.request:170] [base:get_response] [WARNING]- Not Found: /images/a3.jpg
2016-05-19 11:32:51,828 [Thread-9:52780] [django.request:170] [base:get_response] [WARNING]- Not Found: /images/a2.jpg
2016-05-19 11:32:51,841 [Thread-11:50428] [django.request:170] [base:get_response] [WARNING]- Not Found: /images/a4.jpg
2016-05-19 11:32:51,877 [Thread-12:37080] [django.request:170] [base:get_response] [WARNING]- Not Found: /js/nav.js
2016-05-19 11:32:51,917 [Thread-13:1440] [django.request:170] [base:get_response] [WARNING]- Not Found: /images/a3.jpg
2016-05-19 11:32:51,917 [Thread-14:50772] [django.request:170] [base:get_response] [WARNING]- Not Found: /images/a2.jpg
2016-05-19 11:32:51,920 [Thread-15:37672] [django.request:170] [base:get_response] [WARNING]- Not Found: /images/a1.jpg
2016-05-19 11:32:51,923 [Thread-16:53164] [django.request:170] [base:get_response] [WARNING]- Not Found: /images/a4.jpg
2016-05-19 11:32:52,346 [Thread-31:51428] [django.request:170] [base:get_response] [WARNING]- Not Found: /favicon.ico
2016-05-19 11:32:52,377 [Thread-30:52456] [django.request:170] [base:get_response] [WARNING]- Not Found: /favicon.ico
2016-05-19 11:33:44,625 [Thread-35:52052] [django.request:170] [base:get_response] [WARNING]- Not Found: /js/nav.js
2016-05-19 11:33:44,653 [Thread-34:51348] [django.request:170] [base:get_response] [WARNING]- Not Found: /images/a1.jpg
2016-05-19 11:33:44,661 [Thread-40:35328] [django.request:170] [base:get_response] [WARNING]- Not Found: /images/a4.jpg
2016-05-19 11:33:44,667 [Thread-41:51020] [django.request:170] [base:get_response] [WARNING]- Not Found: /images/a3.jpg
2016-05-19 11:33:44,667 [Thread-42:52004] [django.request:170] [base:get_response] [WARNING]- Not Found: /images/a2.jpg
2016-05-19 11:33:44,711 [Thread-43:51244] [django.request:170] [base:get_response] [WARNING]- Not Found: /js/nav.js
2016-05-19 11:33:44,778 [Thread-44:50220] [django.request:170] [base:get_response] [WARNING]- Not Found: /images/a3.jpg
2016-05-19 11:33:44,782 [Thread-45:46016] [django.request:170] [base:get_response] [WARNING]- Not Found: /images/a4.jpg
2016-05-19 11:33:44,783 [Thread-46:52588] [django.request:170] [base:get_response] [WARNING]- Not Found: /images/a2.jpg
2016-05-19 11:33:44,790 [Thread-47:38728] [django.request:170] [base:get_response] [WARNING]- Not Found: /images/a1.jpg
2016-05-20 16:36:22,559 [Thread-5:85556] [django.request:170] [base:get_response] [WARNING]- Not Found: /js/nav.js
2016-05-20 16:36:22,648 [Thread-4:86708] [django.request:170] [base:get_response] [WARNING]- Not Found: /js/nav.js
2016-05-20 16:36:23,747 [Thread-13:84908] [django.request:170] [base:get_response] [WARNING]- Not Found: /js/nav.js
2016-05-20 16:36:23,765 [Thread-12:86256] [django.request:170] [base:get_response] [WARNING]- Not Found: /js/nav.js
2016-05-20 16:36:24,410 [Thread-14:78868] [django.request:170] [base:get_response] [WARNING]- Not Found: /images/a1.jpg
2016-05-20 16:36:24,448 [Thread-15:86336] [django.request:170] [base:get_response] [WARNING]- Not Found: /images/a2.jpg
2016-05-20 16:36:24,451 [Thread-16:72328] [django.request:170] [base:get_response] [WARNING]- Not Found: /images/a3.jpg
2016-05-20 16:36:24,459 [Thread-17:86280] [django.request:170] [base:get_response] [WARNING]- Not Found: /images/a4.jpg
2016-05-20 16:36:24,460 [Thread-18:82236] [django.request:170] [base:get_response] [WARNING]- Not Found: /js/nav.js
2016-05-20 16:36:24,463 [Thread-19:86268] [django.request:170] [base:get_response] [WARNING]- Not Found: /js/nav.js
2016-05-20 16:36:24,693 [Thread-21:80648] [django.request:170] [base:get_response] [WARNING]- Not Found: /images/a3.jpg
2016-05-20 16:36:24,721 [Thread-22:86020] [django.request:170] [base:get_response] [WARNING]- Not Found: /images/a2.jpg
2016-05-20 16:36:24,733 [Thread-23:83188] [django.request:170] [base:get_response] [WARNING]- Not Found: /images/a1.jpg
2016-05-20 16:36:24,789 [Thread-34:86492] [django.request:170] [base:get_response] [WARNING]- Not Found: /images/a4.jpg
2016-05-20 16:36:24,809 [Thread-37:86840] [django.request:170] [base:get_response] [WARNING]- Not Found: /js/nav.js
2016-05-20 16:36:24,895 [Thread-38:85984] [django.request:170] [base:get_response] [WARNING]- Not Found: /js/nav.js
2016-05-20 16:36:25,400 [Thread-39:84308] [django.request:170] [base:get_response] [WARNING]- Not Found: /images/a4.jpg
2016-05-20 16:36:25,440 [Thread-40:84168] [django.request:170] [base:get_response] [WARNING]- Not Found: /images/a3.jpg
2016-05-20 16:36:25,517 [Thread-41:86568] [django.request:170] [base:get_response] [WARNING]- Not Found: /images/a2.jpg
2016-05-20 16:36:25,576 [Thread-42:86056] [django.request:170] [base:get_response] [WARNING]- Not Found: /images/a1.jpg
2016-05-20 16:36:25,747 [Thread-43:85072] [django.request:170] [base:get_response] [WARNING]- Not Found: /favicon.ico
2016-05-20 16:36:25,802 [Thread-45:84668] [django.request:170] [base:get_response] [WARNING]- Not Found: /images/a4.jpg
2016-05-20 16:36:25,802 [Thread-46:85164] [django.request:170] [base:get_response] [WARNING]- Not Found: /images/a3.jpg
2016-05-20 16:36:25,805 [Thread-47:85808] [django.request:170] [base:get_response] [WARNING]- Not Found: /images/a2.jpg
2016-05-20 16:36:25,809 [Thread-48:86912] [django.request:170] [base:get_response] [WARNING]- Not Found: /images/a1.jpg
2016-05-20 16:36:25,815 [Thread-49:85188] [django.request:170] [base:get_response] [WARNING]- Not Found: /favicon.ico
2016-05-20 16:36:25,838 [Thread-50:86044] [django.request:170] [base:get_response] [WARNING]- Not Found: /favicon.ico
2016-05-20 16:36:25,869 [Thread-51:86884] [django.request:170] [base:get_response] [WARNING]- Not Found: /favicon.ico
2016-05-20 16:36:26,009 [Thread-52:86924] [django.request:170] [base:get_response] [WARNING]- Not Found: /favicon.ico
2016-05-20 16:36:26,022 [Thread-53:83872] [django.request:170] [base:get_response] [WARNING]- Not Found: /favicon.ico
2016-05-20 16:36:26,026 [Thread-54:86980] [django.request:170] [base:get_response] [WARNING]- Not Found: /favicon.ico
2016-05-20 16:36:26,032 [Thread-56:86224] [django.request:170] [base:get_response] [WARNING]- Not Found: /favicon.ico
2016-05-21 00:52:16,460 [Thread-4:119600] [django.request:170] [base:get_response] [WARNING]- Not Found: /images/a1.jpg
2016-05-21 00:52:16,473 [Thread-5:117424] [django.request:170] [base:get_response] [WARNING]- Not Found: /images/a2.jpg
2016-05-21 00:52:16,473 [Thread-6:116428] [django.request:170] [base:get_response] [WARNING]- Not Found: /images/a4.jpg
2016-05-21 00:52:16,474 [Thread-7:119356] [django.request:170] [base:get_response] [WARNING]- Not Found: /images/a3.jpg
2016-05-21 00:52:16,829 [Thread-8:121908] [django.request:170] [base:get_response] [WARNING]- Not Found: /js/nav.js
2016-05-21 00:52:16,834 [Thread-9:117664] [django.request:170] [base:get_response] [WARNING]- Not Found: /js/nav.js
2016-05-21 00:52:17,072 [Thread-10:117568] [django.request:170] [base:get_response] [WARNING]- Not Found: /js/nav.js
2016-05-21 00:52:17,145 [Thread-11:117368] [django.request:170] [base:get_response] [WARNING]- Not Found: /js/nav.js
2016-05-21 00:52:17,148 [Thread-12:118012] [django.request:170] [base:get_response] [WARNING]- Not Found: /images/a1.jpg
2016-05-21 00:52:17,153 [Thread-13:119604] [django.request:170] [base:get_response] [WARNING]- Not Found: /images/a2.jpg
2016-05-21 00:52:17,155 [Thread-14:116280] [django.request:170] [base:get_response] [WARNING]- Not Found: /images/a3.jpg
2016-05-21 00:52:17,161 [Thread-16:108396] [django.request:170] [base:get_response] [WARNING]- Not Found: /images/a4.jpg
2016-05-21 00:52:17,700 [Thread-15:118264] [django.request:170] [base:get_response] [WARNING]- Not Found: /images/a1.jpg
2016-05-21 00:52:17,713 [Thread-17:118580] [django.request:170] [base:get_response] [WARNING]- Not Found: /images/a2.jpg
2016-05-21 00:52:17,713 [Thread-18:118720] [django.request:170] [base:get_response] [WARNING]- Not Found: /images/a3.jpg
2016-05-21 00:52:17,716 [Thread-19:117444] [django.request:170] [base:get_response] [WARNING]- Not Found: /images/a4.jpg
2016-05-21 01:02:27,038 [Thread-4:124612] [django.request:170] [base:get_response] [WARNING]- Not Found: /love
2016-05-21 01:02:39,898 [Thread-5:121660] [django.request:170] [base:get_response] [WARNING]- Not Found: /love/
2016-05-21 01:11:00,476 [Thread-13:129592] [django.request:170] [base:get_response] [WARNING]- Not Found: /js/nav.js
2016-05-21 01:11:00,486 [Thread-14:127676] [django.request:170] [base:get_response] [WARNING]- Not Found: /images/a1.jpg
2016-05-21 01:11:00,496 [Thread-15:128544] [django.request:170] [base:get_response] [WARNING]- Not Found: /images/a2.jpg
2016-05-21 01:11:00,500 [Thread-16:133032] [django.request:170] [base:get_response] [WARNING]- Not Found: /images/a3.jpg
2016-05-21 01:11:00,503 [Thread-17:129464] [django.request:170] [base:get_response] [WARNING]- Not Found: /images/a4.jpg
2016-05-21 01:11:00,605 [Thread-18:129852] [django.request:170] [base:get_response] [WARNING]- Not Found: /js/nav.js
2016-05-21 01:11:00,687 [Thread-19:130732] [django.request:170] [base:get_response] [WARNING]- Not Found: /images/a1.jpg
2016-05-21 01:11:00,729 [Thread-20:133660] [django.request:170] [base:get_response] [WARNING]- Not Found: /images/a3.jpg
2016-05-21 01:11:00,746 [Thread-21:133224] [django.request:170] [base:get_response] [WARNING]- Not Found: /images/a2.jpg
2016-05-21 01:11:00,756 [Thread-22:130964] [django.request:170] [base:get_response] [WARNING]- Not Found: /images/a4.jpg
2016-05-21 01:12:18,049 [Thread-44:131864] [django.request:170] [base:get_response] [WARNING]- Not Found: /favicon.ico
2016-05-21 01:21:23,719 [Thread-53:136928] [django.request:170] [base:get_response] [WARNING]- Not Found: /js/nav.js
2016-05-21 01:21:23,790 [Thread-54:135684] [django.request:170] [base:get_response] [WARNING]- Not Found: /images/a1.jpg
2016-05-21 01:21:23,799 [Thread-55:139080] [django.request:170] [base:get_response] [WARNING]- Not Found: /images/a2.jpg
2016-05-21 01:21:23,891 [Thread-56:134096] [django.request:170] [base:get_response] [WARNING]- Not Found: /images/a3.jpg
2016-05-21 01:21:23,892 [Thread-57:140236] [django.request:170] [base:get_response] [WARNING]- Not Found: /images/a4.jpg
2016-05-21 01:21:23,898 [Thread-58:136824] [django.request:170] [base:get_response] [WARNING]- Not Found: /js/nav.js
2016-05-21 01:21:23,953 [Thread-59:137292] [django.request:170] [base:get_response] [WARNING]- Not Found: /images/a1.jpg
2016-05-21 01:21:23,953 [Thread-60:138008] [django.request:170] [base:get_response] [WARNING]- Not Found: /images/a3.jpg
2016-05-21 01:21:23,954 [Thread-61:144828] [django.request:170] [base:get_response] [WARNING]- Not Found: /images/a2.jpg
2016-05-21 01:21:23,960 [Thread-64:135148] [django.request:170] [base:get_response] [WARNING]- Not Found: /images/a4.jpg
2016-05-21 01:21:41,865 [Thread-66:136048] [django.request:170] [base:get_response] [WARNING]- Not Found: /js/nav.js
2016-05-21 01:21:41,885 [Thread-67:134632] [django.request:170] [base:get_response] [WARNING]- Not Found: /images/a1.jpg
2016-05-21 01:21:41,890 [Thread-68:132896] [django.request:170] [base:get_response] [WARNING]- Not Found: /images/a3.jpg
2016-05-21 01:21:41,892 [Thread-69:137692] [django.request:170] [base:get_response] [WARNING]- Not Found: /images/a2.jpg
2016-05-21 01:21:41,898 [Thread-70:136800] [django.request:170] [base:get_response] [WARNING]- Not Found: /images/a4.jpg
2016-05-21 01:21:41,961 [Thread-71:134308] [django.request:170] [base:get_response] [WARNING]- Not Found: /js/nav.js
2016-05-21 01:21:41,993 [Thread-72:136204] [django.request:170] [base:get_response] [WARNING]- Not Found: /images/a1.jpg
2016-05-21 01:21:42,002 [Thread-73:134588] [django.request:170] [base:get_response] [WARNING]- Not Found: /images/a2.jpg
2016-05-21 01:21:42,006 [Thread-74:134724] [django.request:170] [base:get_response] [WARNING]- Not Found: /images/a4.jpg
2016-05-21 01:21:42,007 [Thread-75:135824] [django.request:170] [base:get_response] [WARNING]- Not Found: /images/a3.jpg
2016-08-01 19:38:58,473 [Thread-4:9008] [django.request:170] [base:get_response] [WARNING]- Not Found: /js/nav.js
2016-08-01 19:39:00,151 [Thread-3:10988] [django.request:170] [base:get_response] [WARNING]- Not Found: /images/a1.jpg
2016-08-01 19:39:00,161 [Thread-9:10864] [django.request:170] [base:get_response] [WARNING]- Not Found: /images/a3.jpg
2016-08-01 19:39:00,164 [Thread-10:7620] [django.request:170] [base:get_response] [WARNING]- Not Found: /images/a4.jpg
2016-08-01 19:39:00,164 [Thread-11:21208] [django.request:170] [base:get_response] [WARNING]- Not Found: /images/a2.jpg
2016-08-01 19:39:00,213 [Thread-12:13892] [django.request:170] [base:get_response] [WARNING]- Not Found: /js/nav.js
2016-08-01 19:39:00,408 [Thread-13:4468] [django.request:170] [base:get_response] [WARNING]- Not Found: /images/a4.jpg
2016-08-01 19:39:00,417 [Thread-14:3100] [django.request:170] [base:get_response] [WARNING]- Not Found: /images/a3.jpg
2016-08-01 19:39:00,420 [Thread-15:21308] [django.request:170] [base:get_response] [WARNING]- Not Found: /images/a2.jpg
2016-08-01 19:39:00,424 [Thread-18:21440] [django.request:170] [base:get_response] [WARNING]- Not Found: /images/a1.jpg
2016-08-01 19:39:00,792 [Thread-31:11148] [django.request:170] [base:get_response] [WARNING]- Not Found: /favicon.ico
2016-08-01 19:39:00,831 [Thread-30:7100] [django.request:170] [base:get_response] [WARNING]- Not Found: /favicon.ico
